<?xml version="1.0" encoding="UTF-8"?>
<!-- Generated by org.testng.reporters.JUnitXMLReporter -->
<testsuite ignored="0" hostname="IN-L-C1ARRXM" failures="0" tests="6" name="Automation Test Cases" time="43.377" errors="0" timestamp="2024-02-11T21:13:17 IST">
  <testcase classname="testScripts.loginTest" name="loginFunction" time="1.012"/>
  <testcase classname="testScripts.loginTest" name="invalidLogin" time="1.588"/>
  <testcase classname="testScripts.registerTest" name="registerMandatoryFields" time="1.565"/>
  <testcase classname="testScripts.registerTest" name="registerAllFields" time="1.497"/>
  <testcase classname="testScripts.searchTest" name="searchWithValidProduct" time="0.521"/>
  <testcase classname="testScripts.searchTest" name="searchWithValidInvalidProduct" time="1.882"/>
</testsuite> <!-- Automation Test Cases -->
