<?xml version="1.0" encoding="UTF-8"?>
<testng-results ignored="0" total="2" passed="2" failed="0" skipped="0">
  <reporter-output>
  </reporter-output>
  <suite started-at="2024-02-15T22:04:50 IST" name="Default suite" finished-at="2024-02-15T22:05:04 IST" duration-ms="13938">
    <groups>
    </groups>
    <test started-at="2024-02-15T22:04:50 IST" name="Default test" finished-at="2024-02-15T22:05:04 IST" duration-ms="13938">
      <class name="testScripts.loginTest">
        <test-method is-config="true" signature="launchBrowser()[pri:0, instance:testScripts.loginTest@15bb5034]" started-at="2024-02-15T22:04:51 IST" name="launchBrowser" finished-at="2024-02-15T22:04:56 IST" duration-ms="5734" status="PASS">
          <reporter-output>
          </reporter-output>
        </test-method> <!-- launchBrowser -->
        <test-method signature="loginFunction(java.lang.String,java.lang.String)[pri:1, instance:testScripts.loginTest@15bb5034]" started-at="2024-02-15T22:04:56 IST" name="loginFunction" data-provider="loginAndPasswordDataFromExcelFile" finished-at="2024-02-15T22:04:58 IST" duration-ms="1145" status="PASS">
          <params>
            <param index="0">
              <value>
                <![CDATA[akashjindal.87@gmail.com]]>
              </value>
            </param>
            <param index="1">
              <value>
                <![CDATA[Aadi@123]]>
              </value>
            </param>
          </params>
          <reporter-output>
          </reporter-output>
        </test-method> <!-- loginFunction -->
        <test-method is-config="true" signature="closeDriver()[pri:0, instance:testScripts.loginTest@15bb5034]" started-at="2024-02-15T22:04:58 IST" name="closeDriver" finished-at="2024-02-15T22:04:58 IST" duration-ms="229" status="PASS">
          <reporter-output>
          </reporter-output>
        </test-method> <!-- closeDriver -->
        <test-method is-config="true" signature="launchBrowser()[pri:0, instance:testScripts.loginTest@15bb5034]" started-at="2024-02-15T22:04:58 IST" name="launchBrowser" finished-at="2024-02-15T22:05:03 IST" duration-ms="4867" status="PASS">
          <reporter-output>
          </reporter-output>
        </test-method> <!-- launchBrowser -->
        <test-method signature="invalidLogin()[pri:2, instance:testScripts.loginTest@15bb5034]" started-at="2024-02-15T22:05:03 IST" name="invalidLogin" finished-at="2024-02-15T22:05:04 IST" duration-ms="956" status="PASS">
          <reporter-output>
          </reporter-output>
        </test-method> <!-- invalidLogin -->
        <test-method is-config="true" signature="closeDriver()[pri:0, instance:testScripts.loginTest@15bb5034]" started-at="2024-02-15T22:05:04 IST" name="closeDriver" finished-at="2024-02-15T22:05:04 IST" duration-ms="192" status="PASS">
          <reporter-output>
          </reporter-output>
        </test-method> <!-- closeDriver -->
      </class> <!-- testScripts.loginTest -->
    </test> <!-- Default test -->
  </suite> <!-- Default suite -->
</testng-results>
